{
  "RSpec": {
    "coverage": {
      "C:/Users/Etsubdink Simmie/Downloads/BiTs/Ruby/BookLend/app/models/book.rb": {
        "lines": [
          1,
          1,
          null,
          1,
          1,
          1,
          1,
          null,
          1,
          1,
          null,
          null,
          1,
          1,
          null,
          null,
          1,
          null,
          1,
          null,
          1,
          0,
          null,
          null
        ]
      },
      "C:/Users/Etsubdink Simmie/Downloads/BiTs/Ruby/BookLend/app/models/application_record.rb": {
        "lines": [
          1,
          1,
          null
        ]
      },
      "C:/Users/Etsubdink Simmie/Downloads/BiTs/Ruby/BookLend/app/models/rental.rb": {
        "lines": [
          1,
          1,
          1,
          1,
          1,
          null,
          1,
          null,
          1,
          16,
          1,
          null,
          null,
          null
        ]
      },
      "C:/Users/Etsubdink Simmie/Downloads/BiTs/Ruby/BookLend/app/models/user.rb": {
        "lines": [
          1,
          1,
          null,
          1,
          1,
          1,
          1,
          null,
          1,
          null,
          1,
          null,
          1,
          20,
          null,
          null,
          1,
          66,
          null,
          null,
          null
        ]
      },
      "C:/Users/Etsubdink Simmie/Downloads/BiTs/Ruby/BookLend/app/controllers/books_controller.rb": {
        "lines": [
          1,
          1,
          null,
          null,
          1,
          1,
          1,
          null,
          null,
          null,
          1,
          1,
          null,
          null,
          null,
          1,
          3,
          3,
          2,
          null,
          1,
          null,
          null,
          null,
          null,
          1,
          3,
          2,
          null,
          1,
          null,
          null,
          null,
          null,
          1,
          2,
          2,
          null,
          null,
          1,
          null,
          1,
          6,
          null,
          null,
          1,
          6,
          null,
          null,
          null
        ]
      },
      "C:/Users/Etsubdink Simmie/Downloads/BiTs/Ruby/BookLend/app/controllers/application_controller.rb": {
        "lines": [
          1,
          null
        ]
      },
      "C:/Users/Etsubdink Simmie/Downloads/BiTs/Ruby/BookLend/app/controllers/rentals_controller.rb": {
        "lines": [
          null,
          null,
          null,
          null,
          null,
          null,
          null,
          null,
          null,
          null,
          null,
          null,
          null,
          null,
          null,
          null,
          null,
          null,
          null,
          null,
          null,
          null,
          null,
          null,
          null,
          null,
          null,
          null,
          null,
          null,
          null,
          null,
          null,
          null,
          null,
          null,
          null,
          null,
          null,
          null,
          null,
          null,
          null,
          null,
          null,
          null,
          null,
          null,
          null,
          null,
          null,
          null,
          null,
          null,
          null,
          null,
          null,
          null,
          null,
          null,
          null,
          null,
          null,
          null,
          null,
          null,
          null,
          null,
          null,
          null,
          null,
          null,
          null,
          1,
          1,
          1,
          null,
          1,
          null,
          null,
          1,
          2,
          2,
          1,
          1,
          null,
          1,
          null,
          1,
          1,
          null,
          0,
          null,
          null,
          1,
          null,
          null,
          null,
          0,
          null,
          null,
          null,
          1,
          1,
          null,
          null,
          null,
          1,
          2,
          2,
          1,
          1,
          null,
          1,
          null,
          null,
          null,
          0,
          null,
          null,
          null,
          1,
          1,
          1,
          null,
          null,
          1,
          null,
          1,
          6,
          null,
          null,
          1,
          4,
          null,
          null,
          1,
          8,
          null,
          null,
          1,
          2,
          null,
          null
        ]
      },
      "C:/Users/Etsubdink Simmie/Downloads/BiTs/Ruby/BookLend/app/controllers/users_controller.rb": {
        "lines": [
          1,
          1,
          null,
          1,
          4,
          null,
          4,
          2,
          null,
          2,
          null,
          null,
          null,
          1,
          1,
          null,
          null,
          null,
          1,
          3,
          3,
          2,
          null,
          1,
          null,
          null,
          null,
          1,
          2,
          2,
          null,
          null,
          1,
          1,
          6,
          null,
          0,
          null,
          null,
          1,
          7,
          null,
          null
        ]
      },
      "C:/Users/Etsubdink Simmie/Downloads/BiTs/Ruby/BookLend/app/serializers/book_serializer.rb": {
        "lines": [
          1,
          1,
          null
        ]
      },
      "C:/Users/Etsubdink Simmie/Downloads/BiTs/Ruby/BookLend/app/serializers/rental_serializer.rb": {
        "lines": [
          1,
          1,
          null,
          1,
          1,
          null
        ]
      },
      "C:/Users/Etsubdink Simmie/Downloads/BiTs/Ruby/BookLend/app/serializers/user_serializer.rb": {
        "lines": [
          1,
          1,
          null
        ]
      },
      "C:/Users/Etsubdink Simmie/Downloads/BiTs/Ruby/BookLend/app/channels/application_cable/channel.rb": {
        "lines": [
          0,
          0,
          0,
          0
        ],
        "branches": {
        }
      },
      "C:/Users/Etsubdink Simmie/Downloads/BiTs/Ruby/BookLend/app/channels/application_cable/connection.rb": {
        "lines": [
          0,
          0,
          0,
          0
        ],
        "branches": {
        }
      },
      "C:/Users/Etsubdink Simmie/Downloads/BiTs/Ruby/BookLend/app/jobs/application_job.rb": {
        "lines": [
          0,
          null,
          null,
          null,
          null,
          null,
          0
        ],
        "branches": {
        }
      },
      "C:/Users/Etsubdink Simmie/Downloads/BiTs/Ruby/BookLend/app/mailers/application_mailer.rb": {
        "lines": [
          0,
          0,
          0,
          0
        ],
        "branches": {
        }
      }
    },
    "timestamp": 1721257554
  }
}
